c:\geometry research project\marchingcubes_project_code\hw1\bin\release\vc143.pdb
c:\geometry research project\marchingcubes_project_code\marchingcubes\bin\release\vc143.pdb
c:\geometry research project\marchingcubes_project_code\marchingcubes\bin\release\mcfunctions.obj
c:\geometry research project\marchingcubes_project_code\marchingcubes\bin\release\marchingcubes.obj
c:\geometry research project\marchingcubes_project_code\marchingcubes\bin\release\vbo.obj
c:\geometry research project\marchingcubes_project_code\marchingcubes\bin\release\vao.obj
c:\geometry research project\marchingcubes_project_code\marchingcubes\bin\release\pipelineprogram.obj
c:\geometry research project\marchingcubes_project_code\marchingcubes\bin\release\openglmatrix.obj
c:\geometry research project\marchingcubes_project_code\marchingcubes\bin\release\imageio.obj
c:\geometry research project\marchingcubes_project_code\marchingcubes\bin\release\marchingcubesresearch.exe
c:\geometry research project\marchingcubes_project_code\marchingcubes\bin\release\marchingcubesresearch.pdb
c:\geometry research project\marchingcubes_project_code\marchingcubes\\bin\release\marchingcubesresearch.pdb
c:\geometry research project\marchingcubes_project_code\marchingcubes\\bin\release\hw1.vcxproj.filelistabsolute.txt
c:\geometry research project\marchingcubes_project_code\marchingcubes\bin\release\marching.15913627.tlog\cl.command.1.tlog
c:\geometry research project\marchingcubes_project_code\marchingcubes\bin\release\marching.15913627.tlog\cl.items.tlog
c:\geometry research project\marchingcubes_project_code\marchingcubes\bin\release\marching.15913627.tlog\cl.read.1.tlog
c:\geometry research project\marchingcubes_project_code\marchingcubes\bin\release\marching.15913627.tlog\cl.write.1.tlog
c:\geometry research project\marchingcubes_project_code\marchingcubes\bin\release\marching.15913627.tlog\link.command.1.tlog
c:\geometry research project\marchingcubes_project_code\marchingcubes\bin\release\marching.15913627.tlog\link.read.1.tlog
c:\geometry research project\marchingcubes_project_code\marchingcubes\bin\release\marching.15913627.tlog\link.secondary.1.tlog
c:\geometry research project\marchingcubes_project_code\marchingcubes\bin\release\marching.15913627.tlog\link.write.1.tlog
